        -:    0:Source:main.cpp
        -:    0:Graph:main.gcno
        -:    0:Data:main.gcda
        -:    0:Runs:1
        -:    0:Programs:1
        -:    1:#include <iostream>
        -:    2:#include "Msg1.h"
        -:    3:#include "Msg2.h"
        -:    4:#include "IMsgExtensionXMLSerializer.h"
        -:    5:
        2:    6:void serializeMsg(Msg *m)
        -:    7:{
        2:    8:    std::string serMsg;
        -:    9:
        2:   10:    IMsgExtensionXMLSerializer *e = dynamic_cast<IMsgExtensionXMLSerializer *>(m->getExtension("XMLSerializer"));
        2:   11:    if (e != NULL)
        -:   12:    {
        2:   13:        std::cout << "serializeMsg() e = " << e << std::endl;
        2:   14:        serMsg = e->serialize();
        2:   15:        std::cout << serMsg << std::endl;
        -:   16:    }    
        -:   17:
        2:   18:    std::cout << std::endl;
        2:   19:}
        -:   20:
        1:   21:int main()
        -:   22:{
        1:   23:    Msg *m1 = new Msg1();
        1:   24:    std::cout << std::endl;
        2:   25:    Msg *m2 = new Msg2();
        -:   26:    
        1:   27:    std::cout << "\n\n";
        1:   28:    serializeMsg(m1);
        1:   29:    serializeMsg(m2);
        -:   30:
        1:   31:    return 0;
        2:   32:}
        1:   33:
